[22-Apr-2025 23:06:16 UTC] PHP Warning:  Undefined array key "host" in /workspaces/Final-Exam/.wordpress/wp-includes/pluggable.php on line 1640
[22-Apr-2025 23:35:01 UTC] PHP Fatal error:  Out of memory (allocated 37748736) (tried to allocate 2097152 bytes) in /workspaces/Final-Exam/.wordpress/wp-content/plugins/ecommerce-product-catalog/templates/themes/theme-default.php on line 165
[22-Apr-2025 23:35:01 UTC] PHP Fatal error:  Uncaught Error: Call to undefined function ic_products_count() in /workspaces/Final-Exam/.wordpress/wp-content/plugins/ecommerce-product-catalog/includes/tracking.php:117
Stack trace:
#0 /workspaces/Final-Exam/.wordpress/wp-content/plugins/ecommerce-product-catalog/includes/tracking.php(551): IC_EPC_Tracking->setup_data()
#1 /workspaces/Final-Exam/.wordpress/wp-content/plugins/ecommerce-product-catalog/includes/tracking.php(481): IC_EPC_Tracking->send_paused_checkin(Array, true)
#2 [internal function]: IC_EPC_Tracking->fatal()
#3 {main}
  thrown in /workspaces/Final-Exam/.wordpress/wp-content/plugins/ecommerce-product-catalog/includes/tracking.php on line 117
[22-Apr-2025 23:35:04 UTC] PHP Fatal error:  Out of memory (allocated 33554432) (tried to allocate 2097152 bytes) in /workspaces/Final-Exam/.wordpress/wp-content/plugins/ecommerce-product-catalog/templates/themes/theme-classic-list.php on line 88
[22-Apr-2025 23:35:04 UTC] PHP Fatal error:  Uncaught Error: Call to undefined function ic_products_count() in /workspaces/Final-Exam/.wordpress/wp-content/plugins/ecommerce-product-catalog/includes/tracking.php:117
Stack trace:
#0 /workspaces/Final-Exam/.wordpress/wp-content/plugins/ecommerce-product-catalog/includes/tracking.php(551): IC_EPC_Tracking->setup_data()
#1 /workspaces/Final-Exam/.wordpress/wp-content/plugins/ecommerce-product-catalog/includes/tracking.php(481): IC_EPC_Tracking->send_paused_checkin(Array, true)
#2 [internal function]: IC_EPC_Tracking->fatal()
#3 {main}
  thrown in /workspaces/Final-Exam/.wordpress/wp-content/plugins/ecommerce-product-catalog/includes/tracking.php on line 117
[22-Apr-2025 23:35:14 UTC] PHP Fatal error:  Out of memory (allocated 33554432) (tried to allocate 2097152 bytes) in /workspaces/Final-Exam/.wordpress/wp-content/plugins/ecommerce-product-catalog/templates/themes/theme-classic-list.php on line 88
[22-Apr-2025 23:35:14 UTC] PHP Fatal error:  Uncaught Error: Call to undefined function ic_products_count() in /workspaces/Final-Exam/.wordpress/wp-content/plugins/ecommerce-product-catalog/includes/tracking.php:117
Stack trace:
#0 /workspaces/Final-Exam/.wordpress/wp-content/plugins/ecommerce-product-catalog/includes/tracking.php(551): IC_EPC_Tracking->setup_data()
#1 /workspaces/Final-Exam/.wordpress/wp-content/plugins/ecommerce-product-catalog/includes/tracking.php(481): IC_EPC_Tracking->send_paused_checkin(Array, true)
#2 [internal function]: IC_EPC_Tracking->fatal()
#3 {main}
  thrown in /workspaces/Final-Exam/.wordpress/wp-content/plugins/ecommerce-product-catalog/includes/tracking.php on line 117
[22-Apr-2025 23:35:25 UTC] PHP Fatal error:  Out of memory (allocated 31457280) (tried to allocate 2097152 bytes) in /workspaces/Final-Exam/.wordpress/wp-content/plugins/ecommerce-product-catalog/templates/themes/theme-classic-list.php on line 88
[22-Apr-2025 23:35:25 UTC] PHP Fatal error:  Uncaught Error: Call to undefined function ic_products_count() in /workspaces/Final-Exam/.wordpress/wp-content/plugins/ecommerce-product-catalog/includes/tracking.php:117
Stack trace:
#0 /workspaces/Final-Exam/.wordpress/wp-content/plugins/ecommerce-product-catalog/includes/tracking.php(551): IC_EPC_Tracking->setup_data()
#1 /workspaces/Final-Exam/.wordpress/wp-content/plugins/ecommerce-product-catalog/includes/tracking.php(481): IC_EPC_Tracking->send_paused_checkin(Array, true)
#2 [internal function]: IC_EPC_Tracking->fatal()
#3 {main}
  thrown in /workspaces/Final-Exam/.wordpress/wp-content/plugins/ecommerce-product-catalog/includes/tracking.php on line 117
[22-Apr-2025 23:35:35 UTC] PHP Fatal error:  Out of memory (allocated 31457280) (tried to allocate 2097152 bytes) in /workspaces/Final-Exam/.wordpress/wp-content/plugins/ecommerce-product-catalog/templates/themes/theme-classic-list.php on line 88
[22-Apr-2025 23:35:35 UTC] PHP Fatal error:  Uncaught Error: Call to undefined function ic_products_count() in /workspaces/Final-Exam/.wordpress/wp-content/plugins/ecommerce-product-catalog/includes/tracking.php:117
Stack trace:
#0 /workspaces/Final-Exam/.wordpress/wp-content/plugins/ecommerce-product-catalog/includes/tracking.php(551): IC_EPC_Tracking->setup_data()
#1 /workspaces/Final-Exam/.wordpress/wp-content/plugins/ecommerce-product-catalog/includes/tracking.php(481): IC_EPC_Tracking->send_paused_checkin(Array, true)
#2 [internal function]: IC_EPC_Tracking->fatal()
#3 {main}
  thrown in /workspaces/Final-Exam/.wordpress/wp-content/plugins/ecommerce-product-catalog/includes/tracking.php on line 117
[22-Apr-2025 23:35:36 UTC] PHP Fatal error:  Out of memory (allocated 31457280) (tried to allocate 2097152 bytes) in /workspaces/Final-Exam/.wordpress/wp-content/plugins/ecommerce-product-catalog/templates/themes/theme-default.php on line 165
[22-Apr-2025 23:35:36 UTC] PHP Fatal error:  Uncaught Error: Call to undefined function ic_products_count() in /workspaces/Final-Exam/.wordpress/wp-content/plugins/ecommerce-product-catalog/includes/tracking.php:117
Stack trace:
#0 /workspaces/Final-Exam/.wordpress/wp-content/plugins/ecommerce-product-catalog/includes/tracking.php(551): IC_EPC_Tracking->setup_data()
#1 /workspaces/Final-Exam/.wordpress/wp-content/plugins/ecommerce-product-catalog/includes/tracking.php(481): IC_EPC_Tracking->send_paused_checkin(Array, true)
#2 [internal function]: IC_EPC_Tracking->fatal()
#3 {main}
  thrown in /workspaces/Final-Exam/.wordpress/wp-content/plugins/ecommerce-product-catalog/includes/tracking.php on line 117
[22-Apr-2025 23:35:45 UTC] PHP Fatal error:  Out of memory (allocated 31457280) (tried to allocate 2097152 bytes) in /workspaces/Final-Exam/.wordpress/wp-content/plugins/ecommerce-product-catalog/templates/themes/theme-classic-list.php on line 88
[22-Apr-2025 23:35:45 UTC] PHP Fatal error:  Uncaught Error: Call to undefined function ic_products_count() in /workspaces/Final-Exam/.wordpress/wp-content/plugins/ecommerce-product-catalog/includes/tracking.php:117
Stack trace:
#0 /workspaces/Final-Exam/.wordpress/wp-content/plugins/ecommerce-product-catalog/includes/tracking.php(551): IC_EPC_Tracking->setup_data()
#1 /workspaces/Final-Exam/.wordpress/wp-content/plugins/ecommerce-product-catalog/includes/tracking.php(481): IC_EPC_Tracking->send_paused_checkin(Array, true)
#2 [internal function]: IC_EPC_Tracking->fatal()
#3 {main}
  thrown in /workspaces/Final-Exam/.wordpress/wp-content/plugins/ecommerce-product-catalog/includes/tracking.php on line 117
[22-Apr-2025 23:35:51 UTC] PHP Fatal error:  Out of memory (allocated 31457280) (tried to allocate 2097152 bytes) in /workspaces/Final-Exam/.wordpress/wp-content/plugins/ecommerce-product-catalog/templates/themes/theme-classic-grid.php on line 177
[22-Apr-2025 23:35:51 UTC] PHP Fatal error:  Uncaught Error: Call to undefined function ic_products_count() in /workspaces/Final-Exam/.wordpress/wp-content/plugins/ecommerce-product-catalog/includes/tracking.php:117
Stack trace:
#0 /workspaces/Final-Exam/.wordpress/wp-content/plugins/ecommerce-product-catalog/includes/tracking.php(551): IC_EPC_Tracking->setup_data()
#1 /workspaces/Final-Exam/.wordpress/wp-content/plugins/ecommerce-product-catalog/includes/tracking.php(481): IC_EPC_Tracking->send_paused_checkin(Array, true)
#2 [internal function]: IC_EPC_Tracking->fatal()
#3 {main}
  thrown in /workspaces/Final-Exam/.wordpress/wp-content/plugins/ecommerce-product-catalog/includes/tracking.php on line 117
[22-Apr-2025 23:35:53 UTC] PHP Fatal error:  Out of memory (allocated 31457280) (tried to allocate 2097152 bytes) in /workspaces/Final-Exam/.wordpress/wp-content/plugins/ecommerce-product-catalog/templates/themes/theme-classic-grid.php on line 177
[22-Apr-2025 23:35:53 UTC] PHP Fatal error:  Uncaught Error: Call to undefined function ic_products_count() in /workspaces/Final-Exam/.wordpress/wp-content/plugins/ecommerce-product-catalog/includes/tracking.php:117
Stack trace:
#0 /workspaces/Final-Exam/.wordpress/wp-content/plugins/ecommerce-product-catalog/includes/tracking.php(551): IC_EPC_Tracking->setup_data()
#1 /workspaces/Final-Exam/.wordpress/wp-content/plugins/ecommerce-product-catalog/includes/tracking.php(481): IC_EPC_Tracking->send_paused_checkin(Array, true)
#2 [internal function]: IC_EPC_Tracking->fatal()
#3 {main}
  thrown in /workspaces/Final-Exam/.wordpress/wp-content/plugins/ecommerce-product-catalog/includes/tracking.php on line 117
[22-Apr-2025 23:35:55 UTC] PHP Fatal error:  Out of memory (allocated 31457280) (tried to allocate 2097152 bytes) in /workspaces/Final-Exam/.wordpress/wp-content/plugins/ecommerce-product-catalog/templates/themes/theme-classic-list.php on line 88
[22-Apr-2025 23:35:55 UTC] PHP Fatal error:  Uncaught Error: Call to undefined function ic_products_count() in /workspaces/Final-Exam/.wordpress/wp-content/plugins/ecommerce-product-catalog/includes/tracking.php:117
Stack trace:
#0 /workspaces/Final-Exam/.wordpress/wp-content/plugins/ecommerce-product-catalog/includes/tracking.php(551): IC_EPC_Tracking->setup_data()
#1 /workspaces/Final-Exam/.wordpress/wp-content/plugins/ecommerce-product-catalog/includes/tracking.php(481): IC_EPC_Tracking->send_paused_checkin(Array, true)
#2 [internal function]: IC_EPC_Tracking->fatal()
#3 {main}
  thrown in /workspaces/Final-Exam/.wordpress/wp-content/plugins/ecommerce-product-catalog/includes/tracking.php on line 117
[22-Apr-2025 23:36:05 UTC] PHP Fatal error:  Out of memory (allocated 31457280) (tried to allocate 2097152 bytes) in /workspaces/Final-Exam/.wordpress/wp-content/plugins/ecommerce-product-catalog/templates/themes/theme-classic-list.php on line 88
[22-Apr-2025 23:36:05 UTC] PHP Fatal error:  Uncaught Error: Call to undefined function ic_products_count() in /workspaces/Final-Exam/.wordpress/wp-content/plugins/ecommerce-product-catalog/includes/tracking.php:117
Stack trace:
#0 /workspaces/Final-Exam/.wordpress/wp-content/plugins/ecommerce-product-catalog/includes/tracking.php(551): IC_EPC_Tracking->setup_data()
#1 /workspaces/Final-Exam/.wordpress/wp-content/plugins/ecommerce-product-catalog/includes/tracking.php(481): IC_EPC_Tracking->send_paused_checkin(Array, true)
#2 [internal function]: IC_EPC_Tracking->fatal()
#3 {main}
  thrown in /workspaces/Final-Exam/.wordpress/wp-content/plugins/ecommerce-product-catalog/includes/tracking.php on line 117
[22-Apr-2025 23:36:10 UTC] PHP Fatal error:  Out of memory (allocated 31457280) (tried to allocate 2097152 bytes) in /workspaces/Final-Exam/.wordpress/wp-content/plugins/ecommerce-product-catalog/templates/themes/theme-classic-grid.php on line 177
[22-Apr-2025 23:36:10 UTC] PHP Fatal error:  Uncaught Error: Call to undefined function ic_products_count() in /workspaces/Final-Exam/.wordpress/wp-content/plugins/ecommerce-product-catalog/includes/tracking.php:117
Stack trace:
#0 /workspaces/Final-Exam/.wordpress/wp-content/plugins/ecommerce-product-catalog/includes/tracking.php(551): IC_EPC_Tracking->setup_data()
#1 /workspaces/Final-Exam/.wordpress/wp-content/plugins/ecommerce-product-catalog/includes/tracking.php(481): IC_EPC_Tracking->send_paused_checkin(Array, true)
#2 [internal function]: IC_EPC_Tracking->fatal()
#3 {main}
  thrown in /workspaces/Final-Exam/.wordpress/wp-content/plugins/ecommerce-product-catalog/includes/tracking.php on line 117
[22-Apr-2025 23:36:12 UTC] PHP Fatal error:  Out of memory (allocated 31457280) (tried to allocate 2097152 bytes) in /workspaces/Final-Exam/.wordpress/wp-content/plugins/ecommerce-product-catalog/templates/themes/theme-classic-grid.php on line 21
[22-Apr-2025 23:36:12 UTC] PHP Fatal error:  Uncaught Error: Call to undefined function ic_products_count() in /workspaces/Final-Exam/.wordpress/wp-content/plugins/ecommerce-product-catalog/includes/tracking.php:117
Stack trace:
#0 /workspaces/Final-Exam/.wordpress/wp-content/plugins/ecommerce-product-catalog/includes/tracking.php(551): IC_EPC_Tracking->setup_data()
#1 /workspaces/Final-Exam/.wordpress/wp-content/plugins/ecommerce-product-catalog/includes/tracking.php(481): IC_EPC_Tracking->send_paused_checkin(Array, true)
#2 [internal function]: IC_EPC_Tracking->fatal()
#3 {main}
  thrown in /workspaces/Final-Exam/.wordpress/wp-content/plugins/ecommerce-product-catalog/includes/tracking.php on line 117
[22-Apr-2025 23:36:14 UTC] PHP Fatal error:  Out of memory (allocated 31457280) (tried to allocate 2097152 bytes) in /workspaces/Final-Exam/.wordpress/wp-content/plugins/ecommerce-product-catalog/includes/product-settings.php on line 211
[22-Apr-2025 23:36:14 UTC] PHP Fatal error:  Uncaught Error: Call to undefined function ic_products_count() in /workspaces/Final-Exam/.wordpress/wp-content/plugins/ecommerce-product-catalog/includes/tracking.php:117
Stack trace:
#0 /workspaces/Final-Exam/.wordpress/wp-content/plugins/ecommerce-product-catalog/includes/tracking.php(551): IC_EPC_Tracking->setup_data()
#1 /workspaces/Final-Exam/.wordpress/wp-content/plugins/ecommerce-product-catalog/includes/tracking.php(481): IC_EPC_Tracking->send_paused_checkin(Array, true)
#2 [internal function]: IC_EPC_Tracking->fatal()
#3 {main}
  thrown in /workspaces/Final-Exam/.wordpress/wp-content/plugins/ecommerce-product-catalog/includes/tracking.php on line 117
[23-Apr-2025 00:28:23 UTC] PHP Fatal error:  Out of memory (allocated 35651584) (tried to allocate 2097152 bytes) in /workspaces/Final-Exam/.wordpress/wp-content/plugins/ecommerce-product-catalog/templates/themes/theme-classic-grid.php on line 154
[23-Apr-2025 00:28:23 UTC] PHP Fatal error:  Uncaught Error: Call to undefined function ic_products_count() in /workspaces/Final-Exam/.wordpress/wp-content/plugins/ecommerce-product-catalog/includes/tracking.php:117
Stack trace:
#0 /workspaces/Final-Exam/.wordpress/wp-content/plugins/ecommerce-product-catalog/includes/tracking.php(551): IC_EPC_Tracking->setup_data()
#1 /workspaces/Final-Exam/.wordpress/wp-content/plugins/ecommerce-product-catalog/includes/tracking.php(481): IC_EPC_Tracking->send_paused_checkin(Array, true)
#2 [internal function]: IC_EPC_Tracking->fatal()
#3 {main}
  thrown in /workspaces/Final-Exam/.wordpress/wp-content/plugins/ecommerce-product-catalog/includes/tracking.php on line 117
[23-Apr-2025 00:28:23 UTC] PHP Fatal error:  Out of memory (allocated 33554432) (tried to allocate 2097152 bytes) in /workspaces/Final-Exam/.wordpress/wp-content/plugins/ecommerce-product-catalog/templates/themes/theme-classic-grid.php on line 139
[23-Apr-2025 00:28:23 UTC] PHP Fatal error:  Uncaught Error: Call to undefined function ic_products_count() in /workspaces/Final-Exam/.wordpress/wp-content/plugins/ecommerce-product-catalog/includes/tracking.php:117
Stack trace:
#0 /workspaces/Final-Exam/.wordpress/wp-content/plugins/ecommerce-product-catalog/includes/tracking.php(551): IC_EPC_Tracking->setup_data()
#1 /workspaces/Final-Exam/.wordpress/wp-content/plugins/ecommerce-product-catalog/includes/tracking.php(481): IC_EPC_Tracking->send_paused_checkin(Array, true)
#2 [internal function]: IC_EPC_Tracking->fatal()
#3 {main}
  thrown in /workspaces/Final-Exam/.wordpress/wp-content/plugins/ecommerce-product-catalog/includes/tracking.php on line 117
[23-Apr-2025 00:28:30 UTC] PHP Fatal error:  Out of memory (allocated 31457280) (tried to allocate 2097152 bytes) in /workspaces/Final-Exam/.wordpress/wp-content/plugins/ecommerce-product-catalog/templates/themes/theme-classic-list.php on line 72
[23-Apr-2025 00:28:30 UTC] PHP Fatal error:  Uncaught Error: Call to undefined function ic_products_count() in /workspaces/Final-Exam/.wordpress/wp-content/plugins/ecommerce-product-catalog/includes/tracking.php:117
Stack trace:
#0 /workspaces/Final-Exam/.wordpress/wp-content/plugins/ecommerce-product-catalog/includes/tracking.php(551): IC_EPC_Tracking->setup_data()
#1 /workspaces/Final-Exam/.wordpress/wp-content/plugins/ecommerce-product-catalog/includes/tracking.php(481): IC_EPC_Tracking->send_paused_checkin(Array, true)
#2 [internal function]: IC_EPC_Tracking->fatal()
#3 {main}
  thrown in /workspaces/Final-Exam/.wordpress/wp-content/plugins/ecommerce-product-catalog/includes/tracking.php on line 117
[23-Apr-2025 00:28:46 UTC] PHP Fatal error:  Out of memory (allocated 31457280) (tried to allocate 2097152 bytes) in /workspaces/Final-Exam/.wordpress/wp-content/plugins/ecommerce-product-catalog/templates/themes/theme-classic-list.php on line 72
[23-Apr-2025 00:28:46 UTC] PHP Fatal error:  Uncaught Error: Call to undefined function ic_products_count() in /workspaces/Final-Exam/.wordpress/wp-content/plugins/ecommerce-product-catalog/includes/tracking.php:117
Stack trace:
#0 /workspaces/Final-Exam/.wordpress/wp-content/plugins/ecommerce-product-catalog/includes/tracking.php(551): IC_EPC_Tracking->setup_data()
#1 /workspaces/Final-Exam/.wordpress/wp-content/plugins/ecommerce-product-catalog/includes/tracking.php(481): IC_EPC_Tracking->send_paused_checkin(Array, true)
#2 [internal function]: IC_EPC_Tracking->fatal()
#3 {main}
  thrown in /workspaces/Final-Exam/.wordpress/wp-content/plugins/ecommerce-product-catalog/includes/tracking.php on line 117
[23-Apr-2025 00:28:48 UTC] PHP Fatal error:  Out of memory (allocated 31457280) (tried to allocate 2097152 bytes) in /workspaces/Final-Exam/.wordpress/wp-content/plugins/ecommerce-product-catalog/templates/themes/theme-classic-list.php on line 92
[23-Apr-2025 00:28:48 UTC] PHP Fatal error:  Uncaught Error: Call to undefined function ic_products_count() in /workspaces/Final-Exam/.wordpress/wp-content/plugins/ecommerce-product-catalog/includes/tracking.php:117
Stack trace:
#0 /workspaces/Final-Exam/.wordpress/wp-content/plugins/ecommerce-product-catalog/includes/tracking.php(551): IC_EPC_Tracking->setup_data()
#1 /workspaces/Final-Exam/.wordpress/wp-content/plugins/ecommerce-product-catalog/includes/tracking.php(481): IC_EPC_Tracking->send_paused_checkin(Array, true)
#2 [internal function]: IC_EPC_Tracking->fatal()
#3 {main}
  thrown in /workspaces/Final-Exam/.wordpress/wp-content/plugins/ecommerce-product-catalog/includes/tracking.php on line 117
[23-Apr-2025 00:28:49 UTC] PHP Fatal error:  Out of memory (allocated 31457280) (tried to allocate 2097152 bytes) in /workspaces/Final-Exam/.wordpress/wp-content/plugins/ecommerce-product-catalog/includes/product-settings.php on line 117
[23-Apr-2025 00:28:49 UTC] PHP Fatal error:  Uncaught Error: Call to undefined function ic_products_count() in /workspaces/Final-Exam/.wordpress/wp-content/plugins/ecommerce-product-catalog/includes/tracking.php:117
Stack trace:
#0 /workspaces/Final-Exam/.wordpress/wp-content/plugins/ecommerce-product-catalog/includes/tracking.php(551): IC_EPC_Tracking->setup_data()
#1 /workspaces/Final-Exam/.wordpress/wp-content/plugins/ecommerce-product-catalog/includes/tracking.php(481): IC_EPC_Tracking->send_paused_checkin(Array, true)
#2 [internal function]: IC_EPC_Tracking->fatal()
#3 {main}
  thrown in /workspaces/Final-Exam/.wordpress/wp-content/plugins/ecommerce-product-catalog/includes/tracking.php on line 117
[23-Apr-2025 00:38:00 UTC] PHP Warning:  Undefined variable $parent_theme_name in /workspaces/Final-Exam/.wordpress/wp-content/mu-plugins/one-click-child-theme/templates/create_child_form.php on line 18
